Using pre-set license
Built from '2020.3/release' branch; Version is '2020.3.31f1 (6b54b7616050) revision 7034039'; Using compiler version '192528614'; Build Type 'Release'
OS: 'Windows 10  (10.0.19044) 64bit Professional' Language: 'ru' Physical Memory: 16333 MB
BatchMode: 1, IsHumanControllingUs: 0, StartBugReporterOnCrash: 0, Is64bit: 1, IsPro: 0

COMMAND LINE ARGUMENTS:
C:\Program Files\Unity\Hub\Editor\2020.3.31f1\Editor\Unity.exe
-adb2
-batchMode
-noUpm
-name
AssetImportWorker0
-projectPath
D:/Unity/Git/Paint/Paint
-logFile
Logs/AssetImportWorker0.log
-srvPort
53422
Successfully changed project path to: D:/Unity/Git/Paint/Paint
D:/Unity/Git/Paint/Paint
Using Asset Import Pipeline V2.
Refreshing native plugins compatible for Editor in 93.04 ms, found 3 plugins.
Preloading 0 native plugins for Editor in 0.00 ms.
Initialize engine version: 2020.3.31f1 (6b54b7616050)
[Subsystems] Discovering subsystems at path C:/Program Files/Unity/Hub/Editor/2020.3.31f1/Editor/Data/Resources/UnitySubsystems
[Subsystems] Discovering subsystems at path D:/Unity/Git/Paint/Paint/Assets
GfxDevice: creating device client; threaded=0
Direct3D:
    Version:  Direct3D 11.0 [level 11.1]
    Renderer: NVIDIA GeForce GTX 1660 (ID=0x2184)
    Vendor:   
    VRAM:     5991 MB
    Driver:   27.21.14.5751
Initialize mono
Mono path[0] = 'C:/Program Files/Unity/Hub/Editor/2020.3.31f1/Editor/Data/Managed'
Mono path[1] = 'C:/Program Files/Unity/Hub/Editor/2020.3.31f1/Editor/Data/MonoBleedingEdge/lib/mono/unityjit'
Mono config path = 'C:/Program Files/Unity/Hub/Editor/2020.3.31f1/Editor/Data/MonoBleedingEdge/etc'
Using monoOptions --debugger-agent=transport=dt_socket,embedding=1,server=y,suspend=n,address=127.0.0.1:56944
Begin MonoManager ReloadAssembly
Registering precompiled unity dll's ...
Register platform support module: C:/Program Files/Unity/Hub/Editor/2020.3.31f1/Editor/Data/PlaybackEngines/WebGLSupport/UnityEditor.WebGL.Extensions.dll
Register platform support module: C:/Program Files/Unity/Hub/Editor/2020.3.31f1/Editor/Data/PlaybackEngines/WindowsStandaloneSupport/UnityEditor.WindowsStandalone.Extensions.dll
Registered in 0.003425 seconds.
Native extension for WindowsStandalone target not found
Native extension for WebGL target not found
Refreshing native plugins compatible for Editor in 78.24 ms, found 3 plugins.
Preloading 0 native plugins for Editor in 0.00 ms.
Mono: successfully reloaded assembly
- Completed reload, in  0.904 seconds
Domain Reload Profiling:
	ReloadAssembly (907ms)
		BeginReloadAssembly (92ms)
			ExecutionOrderSort (0ms)
			DisableScriptedObjects (0ms)
			BackupInstance (0ms)
			ReleaseScriptingObjects (0ms)
			CreateAndSetChildDomain (1ms)
		EndReloadAssembly (682ms)
			LoadAssemblies (87ms)
			RebuildTransferFunctionScriptingTraits (0ms)
			SetupTypeCache (232ms)
			ReleaseScriptCaches (0ms)
			RebuildScriptCaches (38ms)
			SetupLoadedEditorAssemblies (269ms)
				LogAssemblyErrors (0ms)
				InitializePlatformSupportModulesInManaged (7ms)
				SetLoadedEditorAssemblies (0ms)
				RefreshPlugins (78ms)
				BeforeProcessingInitializeOnLoad (21ms)
				ProcessInitializeOnLoadAttributes (122ms)
				ProcessInitializeOnLoadMethodAttributes (40ms)
				AfterProcessingInitializeOnLoad (0ms)
				EditorAssembliesLoaded (0ms)
			ExecutionOrderSort2 (0ms)
			AwakeInstancesAfterBackupRestoration (0ms)
Platform modules already initialized, skipping
Registering precompiled user dll's ...
Registered in 0.002629 seconds.
Begin MonoManager ReloadAssembly
Native extension for WindowsStandalone target not found
Native extension for WebGL target not found
Refreshing native plugins compatible for Editor in 184.09 ms, found 3 plugins.
Preloading 0 native plugins for Editor in 0.00 ms.
Mono: successfully reloaded assembly
- Completed reload, in  2.322 seconds
Domain Reload Profiling:
	ReloadAssembly (2323ms)
		BeginReloadAssembly (238ms)
			ExecutionOrderSort (0ms)
			DisableScriptedObjects (8ms)
			BackupInstance (0ms)
			ReleaseScriptingObjects (0ms)
			CreateAndSetChildDomain (27ms)
		EndReloadAssembly (1997ms)
			LoadAssemblies (154ms)
			RebuildTransferFunctionScriptingTraits (1ms)
			SetupTypeCache (433ms)
			ReleaseScriptCaches (1ms)
			RebuildScriptCaches (64ms)
			SetupLoadedEditorAssemblies (1016ms)
				LogAssemblyErrors (0ms)
				InitializePlatformSupportModulesInManaged (16ms)
				SetLoadedEditorAssemblies (0ms)
				RefreshPlugins (184ms)
				BeforeProcessingInitializeOnLoad (241ms)
				ProcessInitializeOnLoadAttributes (489ms)
				ProcessInitializeOnLoadMethodAttributes (58ms)
				AfterProcessingInitializeOnLoad (26ms)
				EditorAssembliesLoaded (0ms)
			ExecutionOrderSort2 (0ms)
			AwakeInstancesAfterBackupRestoration (21ms)
Platform modules already initialized, skipping
========================================================================
Worker process is ready to serve import requests
Launched and connected shader compiler UnityShaderCompiler.exe after 0.12 seconds
Refreshing native plugins compatible for Editor in 1.00 ms, found 3 plugins.
Preloading 0 native plugins for Editor in 0.00 ms.
Unloading 2200 Unused Serialized files (Serialized files now loaded: 0)
System memory in use before: 97.0 MB.
System memory in use after: 96.9 MB.

Unloading 31 unused Assets to reduce memory usage. Loaded Objects now: 2631.
Total: 7.104600 ms (FindLiveObjects: 0.313500 ms CreateObjectMapping: 0.106000 ms MarkObjects: 6.457000 ms  DeleteObjects: 0.226600 ms)

AssetImportParameters requested are different than current active one (requested -> active):
  custom:framework-win-MediaFoundation: 216162199b28c13a410421893ffa2e32 -> 
  custom:video-decoder-ogg-theora: a1e56fd34408186e4bbccfd4996cb3dc -> 
  custom:container-muxer-webm: aa71ff27fc2769a1b78a27578f13a17b -> 
  custom:container-demuxer-webm: 4f35f7cbe854078d1ac9338744f61a02 -> 
  custom:container-demuxer-ogg: 62fdf1f143b41e24485cea50d1cbac27 -> 
  custom:video-encoder-webm-vp8: eb34c28f22e8b96e1ab97ce403110664 -> 
  custom:video-decoder-webm-vp8: 9c59270c3fd7afecdb556c50c9e8de78 -> 
  custom:audio-decoder-ogg-vorbis: bf7c407c2cedff20999df2af8eb42d56 -> 
  custom:audio-encoder-webm-vorbis: bf7c407c2cedff20999df2af8eb42d56 -> 
========================================================================
Received Import Request.
  path: Assets
  artifactKey: Guid(00000000000000001000000000000000) Importer(815301076,1909f56bfc062723c751e8b465ee728b)
Start importing Assets using Guid(00000000000000001000000000000000) Importer(815301076,1909f56bfc062723c751e8b465ee728b)  -> (artifact id: '42d402b061de3733987d63b9cc3b64de') in 0.015309 seconds 
========================================================================
Received Import Request.
  Time since last request: 1.624143 seconds.
  path: Assets/Scripts
  artifactKey: Guid(ea2136e9db4be8649a2c074138bacd41) Importer(815301076,1909f56bfc062723c751e8b465ee728b)
Start importing Assets/Scripts using Guid(ea2136e9db4be8649a2c074138bacd41) Importer(815301076,1909f56bfc062723c751e8b465ee728b)  -> (artifact id: '90c00d90b598b386d1697307559c3e3f') in 0.014009 seconds 
========================================================================
Received Import Request.
  Time since last request: 13.683847 seconds.
  path: Assets/Sprites
  artifactKey: Guid(95002c4525553d3409f2134166a0c14e) Importer(815301076,1909f56bfc062723c751e8b465ee728b)
Start importing Assets/Sprites using Guid(95002c4525553d3409f2134166a0c14e) Importer(815301076,1909f56bfc062723c751e8b465ee728b)  -> (artifact id: 'c3030b6b5f34ff4ac84c47431902952b') in 0.010002 seconds 
========================================================================
Received Import Request.
  Time since last request: 6.131537 seconds.
  path: Assets/Prefab
  artifactKey: Guid(a80b59b1f9e35ef41bd5ceff705c5d1a) Importer(815301076,1909f56bfc062723c751e8b465ee728b)
Start importing Assets/Prefab using Guid(a80b59b1f9e35ef41bd5ceff705c5d1a) Importer(815301076,1909f56bfc062723c751e8b465ee728b)  -> (artifact id: '835fb97c8583fa37e63f0374223bfca2') in 0.006305 seconds 
========================================================================
Received Import Request.
  Time since last request: 54.758870 seconds.
  path: Assets/Prefabs
  artifactKey: Guid(a80b59b1f9e35ef41bd5ceff705c5d1a) Importer(815301076,1909f56bfc062723c751e8b465ee728b)
Start importing Assets/Prefabs using Guid(a80b59b1f9e35ef41bd5ceff705c5d1a) Importer(815301076,1909f56bfc062723c751e8b465ee728b)  -> (artifact id: 'faec804b88666233eebabec102f4bc77') in 0.006303 seconds 
========================================================================
Received Import Request.
  Time since last request: 113.907150 seconds.
  path: Assets/Resources
  artifactKey: Guid(29d5b0579c689a743acf1f58c9a538a2) Importer(815301076,1909f56bfc062723c751e8b465ee728b)
Start importing Assets/Resources using Guid(29d5b0579c689a743acf1f58c9a538a2) Importer(815301076,1909f56bfc062723c751e8b465ee728b)  -> (artifact id: 'd8ac6080d0e47e4c8c775f5808f836bb') in 0.007029 seconds 
========================================================================
Received Import Request.
  Time since last request: 4.386265 seconds.
  path: Assets/Recources
  artifactKey: Guid(29d5b0579c689a743acf1f58c9a538a2) Importer(815301076,1909f56bfc062723c751e8b465ee728b)
Start importing Assets/Recources using Guid(29d5b0579c689a743acf1f58c9a538a2) Importer(815301076,1909f56bfc062723c751e8b465ee728b)  -> (artifact id: '21315fa079487e54dd8ca1b275a66737') in 0.007912 seconds 
========================================================================
Received Import Request.
  Time since last request: 130.380823 seconds.
  path: Assets/Prefabs/Tile.prefab
  artifactKey: Guid(3606e2c9654499a49b2096124634f0a2) Importer(815301076,1909f56bfc062723c751e8b465ee728b)
Start importing Assets/Prefabs/Tile.prefab using Guid(3606e2c9654499a49b2096124634f0a2) Importer(815301076,1909f56bfc062723c751e8b465ee728b)  -> (artifact id: '5f05d7cddb1534d7f28f04e196ab2f08') in 0.137790 seconds 
========================================================================
Received Import Request.
  Time since last request: 3.677977 seconds.
  path: Assets/Prefabs/Tile.prefab
  artifactKey: Guid(3606e2c9654499a49b2096124634f0a2) Importer(815301076,1909f56bfc062723c751e8b465ee728b)
Start importing Assets/Prefabs/Tile.prefab using Guid(3606e2c9654499a49b2096124634f0a2) Importer(815301076,1909f56bfc062723c751e8b465ee728b)  -> (artifact id: '2debaccfa65fe2e3f4c67f06ba4b98c3') in 0.011157 seconds 
========================================================================
Received Import Request.
  Time since last request: 0.584180 seconds.
  path: Assets/Prefabs/Tile.prefab
  artifactKey: Guid(3606e2c9654499a49b2096124634f0a2) Importer(815301076,1909f56bfc062723c751e8b465ee728b)
Start importing Assets/Prefabs/Tile.prefab using Guid(3606e2c9654499a49b2096124634f0a2) Importer(815301076,1909f56bfc062723c751e8b465ee728b)  -> (artifact id: 'c656144b77905700e3d83e490b87a7ae') in 0.009904 seconds 
========================================================================
Received Import Request.
  Time since last request: 8144.765180 seconds.
  path: Assets/Scenes
  artifactKey: Guid(131a6b21c8605f84396be9f6751fb6e3) Importer(815301076,1909f56bfc062723c751e8b465ee728b)
Start importing Assets/Scenes using Guid(131a6b21c8605f84396be9f6751fb6e3) Importer(815301076,1909f56bfc062723c751e8b465ee728b)  -> (artifact id: 'df75b7d1a31c5b4f73fd45661b403b04') in 0.013328 seconds 
AssetImportWorkerClient::OnTransportError - code=2 error=End of file
